<?xml version="1.0" encoding="UTF-8" ?>
<testsuite tests="2" failures="1" name="com.lihanlin.jdbc.JdbcTemplateTest" time="0.714" errors="0" skipped="0">
  <properties>
[...]
</properties>
  <testcase classname="com.lihanlin.jdbc.JdbcTemplateTest" name="com.lihanlin.jdbc.JdbcTemplateTest.testForIoC" time="0.714">
    <failure message="PreparedStatementCallback; SQL [insert into students(id,name,gender,age,class) value(?,?,?,?,?)]; Duplicate entry &apos;9&apos; for key &apos;PRIMARY&apos;" type="org.springframework.dao.DuplicateKeyException">org.springframework.dao.DuplicateKeyException: PreparedStatementCallback; SQL [insert into students(id,name,gender,age,class) value(?,?,?,?,?)]; Duplicate entry &apos;9&apos; for key &apos;PRIMARY&apos;
	at org.springframework.jdbc.support.SQLExceptionSubclassTranslator.doTranslate(SQLExceptionSubclassTranslator.java:93)
	at org.springframework.jdbc.support.AbstractFallbackSQLExceptionTranslator.translate(AbstractFallbackSQLExceptionTranslator.java:70)
	at org.springframework.jdbc.core.JdbcTemplate.translateException(JdbcTemplate.java:1538)
	at org.springframework.jdbc.core.JdbcTemplate.execute(JdbcTemplate.java:667)
	at org.springframework.jdbc.core.JdbcTemplate.update(JdbcTemplate.java:960)
	at org.springframework.jdbc.core.JdbcTemplate.update(JdbcTemplate.java:1015)
	at org.springframework.jdbc.core.JdbcTemplate.update(JdbcTemplate.java:1025)
	at com.lihanlin.jdbc.JdbcTemplateTest.testForIoC(JdbcTemplateTest.java:40)
Caused by: java.sql.SQLIntegrityConstraintViolationException: Duplicate entry &apos;9&apos; for key &apos;PRIMARY&apos;
	at com.mysql.cj.jdbc.exceptions.SQLError.createSQLException(SQLError.java:117)
	at com.mysql.cj.jdbc.exceptions.SQLExceptionsMapping.translateException(SQLExceptionsMapping.java:122)
	at com.mysql.cj.jdbc.ClientPreparedStatement.executeInternal(ClientPreparedStatement.java:953)
	at com.mysql.cj.jdbc.ClientPreparedStatement.executeUpdateInternal(ClientPreparedStatement.java:1092)
	at com.mysql.cj.jdbc.ClientPreparedStatement.executeUpdateInternal(ClientPreparedStatement.java:1040)
	at com.mysql.cj.jdbc.ClientPreparedStatement.executeLargeUpdate(ClientPreparedStatement.java:1348)
	at com.mysql.cj.jdbc.ClientPreparedStatement.executeUpdate(ClientPreparedStatement.java:1025)
	at com.alibaba.druid.pool.DruidPooledPreparedStatement.executeUpdate(DruidPooledPreparedStatement.java:255)
	at org.springframework.jdbc.core.JdbcTemplate.lambda$update$2(JdbcTemplate.java:965)
	at org.springframework.jdbc.core.JdbcTemplate.execute(JdbcTemplate.java:651)
	... 22 more
</failure>
    <system-err>11�� 16, 2023 4:04:45 ���� com.alibaba.druid.support.logging.JakartaCommonsLoggingImpl info
��Ϣ: {dataSource-1} inited
</system-err>
  </testcase>
  <testcase classname="com.lihanlin.jdbc.JdbcTemplateTest" name="com.lihanlin.jdbc.JdbcTemplateTest.testForJava" time="0"/>
</testsuite>